빌드 시작: 2017-02-22 오전 10:59:17
     1>2 노드의 "C:\Users\USER\Documents\Visual Studio 2013\Projects\Template\Template\Template.vcxproj" 프로젝트(Build 대상)입니다.
     1>ClCompile:
         C:\Program Files (x86)\Microsoft Visual Studio 12.0\VC\bin\CL.exe /c /ZI /nologo /W3 /WX- /sdl /Od /Oy- /D WIN32 /D _DEBUG /D _CONSOLE /D _LIB /D _UNICODE /D UNICODE /Gm /EHsc /RTC1 /MDd /GS /fp:precise /Zc:wchar_t /Zc:forScope /Fo"Debug\\" /Fd"Debug\vc120.pdb" /Gd /TP /analyze- /errorReport:prompt main.cpp
         main.cpp
     1>c:\users\user\documents\visual studio 2013\projects\template\template\smartarray.h(24): warning C4244: '=' : 'double'에서 'int'(으)로 변환하면서 데이터가 손실될 수 있습니다.
                 c:\users\user\documents\visual studio 2013\projects\template\template\smartarray.h(20) : 클래스 템플릿 멤버 함수 'bool SmartArray<double>::put(int,T)'을(를) 컴파일하고 있습니다.
                 with
                 [
                     T=double
                 ]
                 c:\users\user\documents\visual studio 2013\projects\template\template\main.cpp(19) : 컴파일 중인 함수 템플릿 인스턴스화 'bool SmartArray<double>::put(int,T)'에 대한 참조를 확인하십시오.
                 with
                 [
                     T=double
                 ]
                 c:\users\user\documents\visual studio 2013\projects\template\template\main.cpp(8) : 컴파일 중인 클래스 템플릿 인스턴스화 'SmartArray<double>'에 대한 참조를 확인하십시오.
       Link:
         C:\Program Files (x86)\Microsoft Visual Studio 12.0\VC\bin\link.exe /ERRORREPORT:PROMPT /OUT:"C:\Users\USER\Documents\Visual Studio 2013\Projects\Template\Debug\Template.exe" /INCREMENTAL /NOLOGO kernel32.lib user32.lib gdi32.lib winspool.lib comdlg32.lib advapi32.lib shell32.lib ole32.lib oleaut32.lib uuid.lib odbc32.lib odbccp32.lib /MANIFEST /MANIFESTUAC:"level='asInvoker' uiAccess='false'" /manifest:embed /DEBUG /PDB:"C:\Users\USER\Documents\Visual Studio 2013\Projects\Template\Debug\Template.pdb" /SUBSYSTEM:CONSOLE /TLBID:1 /DYNAMICBASE /NXCOMPAT /IMPLIB:"C:\Users\USER\Documents\Visual Studio 2013\Projects\Template\Debug\Template.lib" /MACHINE:X86 Debug\main.obj
         Template.vcxproj -> C:\Users\USER\Documents\Visual Studio 2013\Projects\Template\Debug\Template.exe
     1>"C:\Users\USER\Documents\Visual Studio 2013\Projects\Template\Template\Template.vcxproj" 프로젝트를 빌드했습니다(Build 대상).

빌드했습니다.

경과 시간: 00:00:00.88
