빌드 시작: 2016-12-08 오전 10:12:38
     1>2 노드의 "c:\Users\으내\documents\visual studio 2013\Projects\bouncingBall\bouncingBall\bouncingBall.vcxproj" 프로젝트(Build 대상)입니다.
     1>ClCompile:
         C:\Program Files (x86)\Microsoft Visual Studio 12.0\VC\bin\CL.exe /c /ZI /nologo /W3 /WX- /sdl /Od /Oy- /D WIN32 /D _WINDOWS /D _DEBUG /D _UNICODE /D UNICODE /D _AFXDLL /Gm /EHsc /RTC1 /MDd /GS /fp:precise /Zc:wchar_t /Zc:forScope /Yc"stdafx.h" /Fp"Debug\bouncingBall.pch" /Fo"Debug\\" /Fd"Debug\vc120.pdb" /Gd /TP /analyze- /errorReport:prompt stdafx.cpp
         stdafx.cpp
         C:\Program Files (x86)\Microsoft Visual Studio 12.0\VC\bin\CL.exe /c /ZI /nologo /W3 /WX- /sdl /Od /Oy- /D WIN32 /D _WINDOWS /D _DEBUG /D _UNICODE /D UNICODE /D _AFXDLL /Gm /EHsc /RTC1 /MDd /GS /fp:precise /Zc:wchar_t /Zc:forScope /Yu"stdafx.h" /Fp"Debug\bouncingBall.pch" /Fo"Debug\\" /Fd"Debug\vc120.pdb" /Gd /TP /analyze- /errorReport:prompt bouncingBall.cpp bouncingBallDoc.cpp bouncingBallView.cpp MainFrm.cpp
         MainFrm.cpp
         bouncingBallView.cpp
         bouncingBallDoc.cpp
         bouncingBall.cpp
         코드를 생성하고 있습니다...
       ResourceCompile:
         C:\Program Files (x86)\Windows Kits\8.1\bin\x86\rc.exe /D _DEBUG /D _UNICODE /D UNICODE /D _AFXDLL /l"0x0412" /IDebug\ /nologo /fo"Debug\bouncingBall.res" bouncingBall.rc 
       Link:
         C:\Program Files (x86)\Microsoft Visual Studio 12.0\VC\bin\link.exe /ERRORREPORT:PROMPT /OUT:"c:\users\으내\documents\visual studio 2013\Projects\bouncingBall\Debug\bouncingBall.exe" /INCREMENTAL /NOLOGO /MANIFEST /MANIFESTUAC:"level='asInvoker' uiAccess='false'" /manifest:embed /manifestinput:"C:\Program Files (x86)\Microsoft Visual Studio 12.0\VC\Include\Manifest\dpiaware.manifest" /DEBUG /PDB:"c:\users\으내\documents\visual studio 2013\Projects\bouncingBall\Debug\bouncingBall.pdb" /SUBSYSTEM:WINDOWS /TLBID:1 /ENTRY:"wWinMainCRTStartup" /DYNAMICBASE /NXCOMPAT /IMPLIB:"c:\users\으내\documents\visual studio 2013\Projects\bouncingBall\Debug\bouncingBall.lib" /MACHINE:X86 Debug\bouncingBall.res
         Debug\bouncingBall.obj
         Debug\bouncingBallDoc.obj
         Debug\bouncingBallView.obj
         Debug\MainFrm.obj
         Debug\stdafx.obj
         bouncingBall.vcxproj -> c:\users\으내\documents\visual studio 2013\Projects\bouncingBall\Debug\bouncingBall.exe
     1>"c:\Users\으내\documents\visual studio 2013\Projects\bouncingBall\bouncingBall\bouncingBall.vcxproj" 프로젝트를 빌드했습니다(Build 대상).

빌드했습니다.

경과 시간: 00:00:04.05
